<?xml version="1.0" encoding="UTF-8"?>
<testng-results skipped="0" failed="0" total="1" passed="1">
  <reporter-output>
  </reporter-output>
  <suite name="Suite" duration-ms="51" started-at="2018-01-10T13:27:03Z" finished-at="2018-01-10T13:27:03Z">
    <groups>
    </groups>
    <test name="Test" duration-ms="51" started-at="2018-01-10T13:27:03Z" finished-at="2018-01-10T13:27:03Z">
      <class name="org.miig.test.ParameterTest">
        <test-method status="PASS" signature="f(java.lang.String)[pri:0, instance:org.miig.test.ParameterTest@4ba046fe]" name="f" duration-ms="18" started-at="2018-01-10T21:27:03Z" finished-at="2018-01-10T21:27:03Z">
          <params>
            <param index="0">
              <value>
                <![CDATA[world]]>
              </value>
            </param>
          </params>
          <reporter-output>
          </reporter-output>
        </test-method> <!-- f -->
      </class> <!-- org.miig.test.ParameterTest -->
    </test> <!-- Test -->
  </suite> <!-- Suite -->
</testng-results>
